<?xml version="1.0" encoding="UTF-8"?>
<!-- Generated by org.testng.reporters.JUnitReportReporter -->
<testsuite hostname="AcerR7-KillQwerty" failures="0" tests="2" name="SperaSoftTestTask.CalcTest" time="0.001" errors="0" timestamp="25 Apr 2018 18:17:12 GMT">
  <testcase classname="SperaSoftTestTask.CalcTest" name="testSum2" time="0.000"/>
  <testcase classname="SperaSoftTestTask.CalcTest" name="testSum" time="0.001"/>
</testsuite> <!-- SperaSoftTestTask.CalcTest -->
