<?xml version="1.0" encoding="UTF-8"?>
<testsuite xmlns:xsi="http://www.w3.org/2001/XMLSchema-instance" xsi:noNamespaceSchemaLocation="https://maven.apache.org/surefire/maven-surefire-plugin/xsd/surefire-test-report.xsd" name="SperaSoftTestTask.CalcTest" time="2.018" tests="2" errors="0" skipped="0" failures="0">
  <properties>
    <property name="sun.desktop" value="windows"/>
    <property name="awt.toolkit" value="sun.awt.windows.WToolkit"/>
    <property name="java.specification.version" value="9"/>
    <property name="file.encoding.pkg" value="sun.io"/>
    <property name="sun.cpu.isalist" value="amd64"/>
    <property name="sun.jnu.encoding" value="Cp1251"/>
    <property name="java.class.path" value="C:\Users\KillQwerty\GitHub\Training\MyTest\target\test-classes;C:\Users\KillQwerty\GitHub\Training\MyTest\target\classes;C:\Users\KillQwerty\.m2\repository\org\testng\testng\6.9.9\testng-6.9.9.jar;C:\Users\KillQwerty\.m2\repository\junit\junit\4.10\junit-4.10.jar;C:\Users\KillQwerty\.m2\repository\org\hamcrest\hamcrest-core\1.1\hamcrest-core-1.1.jar;C:\Users\KillQwerty\.m2\repository\com\beust\jcommander\1.48\jcommander-1.48.jar;C:\Users\KillQwerty\.m2\repository\org\apache\ant\ant\1.7.0\ant-1.7.0.jar;C:\Users\KillQwerty\.m2\repository\org\apache\ant\ant-launcher\1.7.0\ant-launcher-1.7.0.jar;C:\Users\KillQwerty\.m2\repository\org\yaml\snakeyaml\1.15\snakeyaml-1.15.jar;C:\Users\KillQwerty\.m2\repository\org\beanshell\bsh\2.0b4\bsh-2.0b4.jar;C:\Users\KillQwerty\.m2\repository\org\apache\maven\surefire\surefire-testng-utils\2.20.1\surefire-testng-utils-2.20.1.jar;C:\Users\KillQwerty\.m2\repository\org\apache\maven\surefire\surefire-grouper\2.20.1\surefire-grouper-2.20.1.jar;"/>
    <property name="java.vm.vendor" value="Oracle Corporation"/>
    <property name="sun.arch.data.model" value="64"/>
    <property name="user.variant" value=""/>
    <property name="java.vendor.url" value="http://java.oracle.com/"/>
    <property name="user.timezone" value=""/>
    <property name="java.vm.specification.version" value="9"/>
    <property name="os.name" value="Windows 10"/>
    <property name="sun.java.launcher" value="SUN_STANDARD"/>
    <property name="user.country" value="RU"/>
    <property name="sun.boot.library.path" value="C:\JavaProjects\Tools\Java\bin"/>
    <property name="sun.java.command" value="C:\Users\KILLQW~1\AppData\Local\Temp\surefire7762047923424328802\surefirebooter13723174534449410081.jar C:\Users\KillQwerty\AppData\Local\Temp\surefire7762047923424328802 2018-04-25T21-17-04_952-jvmRun1 surefire3658175122569089639tmp surefire_014684908976573225002tmp"/>
    <property name="jdk.debug" value="release"/>
    <property name="surefire.test.class.path" value="C:\Users\KillQwerty\GitHub\Training\MyTest\target\test-classes;C:\Users\KillQwerty\GitHub\Training\MyTest\target\classes;C:\Users\KillQwerty\.m2\repository\org\testng\testng\6.9.9\testng-6.9.9.jar;C:\Users\KillQwerty\.m2\repository\junit\junit\4.10\junit-4.10.jar;C:\Users\KillQwerty\.m2\repository\org\hamcrest\hamcrest-core\1.1\hamcrest-core-1.1.jar;C:\Users\KillQwerty\.m2\repository\com\beust\jcommander\1.48\jcommander-1.48.jar;C:\Users\KillQwerty\.m2\repository\org\apache\ant\ant\1.7.0\ant-1.7.0.jar;C:\Users\KillQwerty\.m2\repository\org\apache\ant\ant-launcher\1.7.0\ant-launcher-1.7.0.jar;C:\Users\KillQwerty\.m2\repository\org\yaml\snakeyaml\1.15\snakeyaml-1.15.jar;C:\Users\KillQwerty\.m2\repository\org\beanshell\bsh\2.0b4\bsh-2.0b4.jar;C:\Users\KillQwerty\.m2\repository\org\apache\maven\surefire\surefire-testng-utils\2.20.1\surefire-testng-utils-2.20.1.jar;C:\Users\KillQwerty\.m2\repository\org\apache\maven\surefire\surefire-grouper\2.20.1\surefire-grouper-2.20.1.jar;"/>
    <property name="sun.cpu.endian" value="little"/>
    <property name="user.home" value="C:\Users\KillQwerty"/>
    <property name="user.language" value="ru"/>
    <property name="java.specification.vendor" value="Oracle Corporation"/>
    <property name="java.home" value="C:\JavaProjects\Tools\Java"/>
    <property name="file.separator" value="\"/>
    <property name="basedir" value="C:\Users\KillQwerty\GitHub\Training\MyTest"/>
    <property name="java.vm.compressedOopsMode" value="32-bit"/>
    <property name="line.separator" value="&#10;"/>
    <property name="java.vm.specification.vendor" value="Oracle Corporation"/>
    <property name="java.specification.name" value="Java Platform API Specification"/>
    <property name="java.awt.graphicsenv" value="sun.awt.Win32GraphicsEnvironment"/>
    <property name="surefire.real.class.path" value="C:\Users\KILLQW~1\AppData\Local\Temp\surefire7762047923424328802\surefirebooter13723174534449410081.jar"/>
    <property name="user.script" value=""/>
    <property name="sun.management.compiler" value="HotSpot 64-Bit Tiered Compilers"/>
    <property name="java.runtime.version" value="9.0.1+11"/>
    <property name="user.name" value="gilbe"/>
    <property name="path.separator" value=";"/>
    <property name="os.version" value="10.0"/>
    <property name="java.runtime.name" value="Java(TM) SE Runtime Environment"/>
    <property name="file.encoding" value="Cp1251"/>
    <property name="java.vm.name" value="Java HotSpot(TM) 64-Bit Server VM"/>
    <property name="localRepository" value="C:\Users\KillQwerty\.m2\repository"/>
    <property name="java.vendor.url.bug" value="http://bugreport.java.com/bugreport/"/>
    <property name="java.io.tmpdir" value="C:\Users\KILLQW~1\AppData\Local\Temp\"/>
    <property name="java.version" value="9.0.1"/>
    <property name="user.dir" value="C:\Users\KillQwerty\GitHub\Training\MyTest"/>
    <property name="os.arch" value="amd64"/>
    <property name="java.vm.specification.name" value="Java Virtual Machine Specification"/>
    <property name="java.awt.printerjob" value="sun.awt.windows.WPrinterJob"/>
    <property name="sun.os.patch.level" value=""/>
    <property name="java.library.path" value="C:\JavaProjects\Tools\Java\bin;C:\WINDOWS\Sun\Java\bin;C:\WINDOWS\system32;C:\WINDOWS;C:\ProgramData\Oracle\Java\javapath;C:\WINDOWS\system32;C:\WINDOWS;C:\WINDOWS\System32\Wbem;C:\WINDOWS\System32\WindowsPowerShell\v1.0\;C:\Program Files (x86)\NVIDIA Corporation\PhysX\Common;C:\Program Files\MySQL\MySQL Utilities 1.6\;C:\JavaProjects\Tools\apache-maven-3.5.3\bin;C:\JavaProjects\Tools\Java;C:\JavaProjects\Tools\Pict\;C:\Users\KillQwerty\AppData\Local\Microsoft\WindowsApps;C:\Users\KillQwerty\AppData\Local\GitHubDesktop\bin;."/>
    <property name="java.vm.info" value="mixed mode"/>
    <property name="java.vendor" value="Oracle Corporation"/>
    <property name="java.vm.version" value="9.0.1+11"/>
    <property name="sun.io.unicode.encoding" value="UnicodeLittle"/>
    <property name="java.class.version" value="53.0"/>
  </properties>
  <testcase name="testSum" classname="SperaSoftTestTask.CalcTest" time="0.001"/>
  <testcase name="testSum2" classname="SperaSoftTestTask.CalcTest" time="0"/>
</testsuite>